app/build/intermediates/manifest_merge_blame_file/debug/processDebugMainManifest/manifest-merger-blame-debug-report.txt
1<?xml version="1.0" encoding="utf-8"?>
2<manifest xmlns:android="http://schemas.android.com/apk/res/android"
3    package="com.project.mycare"
4    android:versionCode="1"
5    android:versionName="1.0" >
6
7    <uses-sdk
8        android:minSdkVersion="24"
9        android:targetSdkVersion="34" />
10
11    <uses-permission android:name="android.permission.POST_NOTIFICATIONS" />
11-->src\main\AndroidManifest.xml:5:5-77
11-->src\main\AndroidManifest.xml:5:22-74
12
13    <permission
13-->[androidx.core:core:1.13.1] AndroidManifest.xml:22:5-24:47
14        android:name="com.project.mycare.DYNAMIC_RECEIVER_NOT_EXPORTED_PERMISSION"
14-->[androidx.core:core:1.13.1] AndroidManifest.xml:23:9-81
15        android:protectionLevel="signature" />
15-->[androidx.core:core:1.13.1] AndroidManifest.xml:24:9-44
16
17    <uses-permission android:name="com.project.mycare.DYNAMIC_RECEIVER_NOT_EXPORTED_PERMISSION" />
17-->[androidx.core:core:1.13.1] AndroidManifest.xml:26:5-97
17-->[androidx.core:core:1.13.1] AndroidManifest.xml:26:22-94
18
19    <application
19-->src\main\AndroidManifest.xml:6:5-89:19
20        android:allowBackup="true"
20-->src\main\AndroidManifest.xml:7:9-35
21        android:appComponentFactory="androidx.core.app.CoreComponentFactory"
21-->[androidx.core:core:1.13.1] AndroidManifest.xml:28:18-86
22        android:dataExtractionRules="@xml/data_extraction_rules"
22-->src\main\AndroidManifest.xml:8:9-65
23        android:debuggable="true"
24        android:extractNativeLibs="false"
25        android:fullBackupContent="@xml/backup_rules"
25-->src\main\AndroidManifest.xml:9:9-54
26        android:icon="@mipmap/ic_launcher"
26-->src\main\AndroidManifest.xml:10:9-43
27        android:label="@string/app_name"
27-->src\main\AndroidManifest.xml:11:9-41
28        android:roundIcon="@mipmap/ic_launcher_round"
28-->src\main\AndroidManifest.xml:12:9-54
29        android:supportsRtl="true"
29-->src\main\AndroidManifest.xml:13:9-35
30        android:testOnly="true"
31        android:theme="@style/Theme.MyCare" >
31-->src\main\AndroidManifest.xml:14:9-44
32        <activity
32-->src\main\AndroidManifest.xml:17:9-24:20
33            android:name="com.project.mycare.LoginActivity"
33-->src\main\AndroidManifest.xml:18:13-42
34            android:exported="true" >
34-->src\main\AndroidManifest.xml:19:13-36
35            <intent-filter>
35-->src\main\AndroidManifest.xml:20:13-23:29
36                <action android:name="android.intent.action.MAIN" />
36-->src\main\AndroidManifest.xml:21:17-69
36-->src\main\AndroidManifest.xml:21:25-66
37
38                <category android:name="android.intent.category.LAUNCHER" />
38-->src\main\AndroidManifest.xml:22:17-77
38-->src\main\AndroidManifest.xml:22:27-74
39            </intent-filter>
40        </activity>
41        <activity
41-->src\main\AndroidManifest.xml:26:9-34:20
42            android:name="com.project.mycare.RegisterActivity"
42-->src\main\AndroidManifest.xml:27:13-45
43            android:exported="true" >
43-->src\main\AndroidManifest.xml:28:13-36
44            <intent-filter>
44-->src\main\AndroidManifest.xml:29:13-33:29
45                <action android:name="android.intent.action.VIEW" />
45-->src\main\AndroidManifest.xml:30:17-69
45-->src\main\AndroidManifest.xml:30:25-66
46                <action android:name="android.intent.action.EDIT" />
46-->src\main\AndroidManifest.xml:31:17-69
46-->src\main\AndroidManifest.xml:31:25-66
47                <action android:name="android.intent.action.MAIN" />
47-->src\main\AndroidManifest.xml:21:17-69
47-->src\main\AndroidManifest.xml:21:25-66
48            </intent-filter>
49        </activity>
50        <activity
50-->src\main\AndroidManifest.xml:36:9-39:20
51            android:name="com.project.mycare.DocDashActivity"
51-->src\main\AndroidManifest.xml:37:13-44
52            android:exported="true" >
52-->src\main\AndroidManifest.xml:38:13-36
53        </activity>
54        <activity
54-->src\main\AndroidManifest.xml:41:9-44:20
55            android:name="com.project.mycare.Dash"
55-->src\main\AndroidManifest.xml:42:13-33
56            android:exported="true" >
56-->src\main\AndroidManifest.xml:43:13-36
57        </activity>
58        <activity
58-->src\main\AndroidManifest.xml:45:9-48:20
59            android:name="com.project.mycare.CreateChildProfileActivity"
59-->src\main\AndroidManifest.xml:46:13-55
60            android:exported="true" >
60-->src\main\AndroidManifest.xml:47:13-36
61        </activity>
62        <activity
62-->src\main\AndroidManifest.xml:49:9-52:20
63            android:name="com.project.mycare.CreateVaccineProfileActivity"
63-->src\main\AndroidManifest.xml:50:13-57
64            android:exported="true" >
64-->src\main\AndroidManifest.xml:51:13-36
65        </activity>
66        <activity
66-->src\main\AndroidManifest.xml:53:9-56:20
67            android:name="com.project.mycare.InfoActivity"
67-->src\main\AndroidManifest.xml:54:13-41
68            android:exported="true" >
68-->src\main\AndroidManifest.xml:55:13-36
69        </activity>
70        <activity
70-->src\main\AndroidManifest.xml:57:9-60:20
71            android:name="com.project.mycare.ReminderSettingsActivity"
71-->src\main\AndroidManifest.xml:58:13-53
72            android:exported="true" >
72-->src\main\AndroidManifest.xml:59:13-36
73        </activity>
74        <activity
74-->src\main\AndroidManifest.xml:61:9-64:20
75            android:name="com.project.mycare.ViewProfilesActivity"
75-->src\main\AndroidManifest.xml:62:13-49
76            android:exported="true" >
76-->src\main\AndroidManifest.xml:63:13-36
77        </activity>
78        <activity
78-->src\main\AndroidManifest.xml:65:9-68:20
79            android:name="com.project.mycare.MainActivity"
79-->src\main\AndroidManifest.xml:66:13-41
80            android:exported="true" >
80-->src\main\AndroidManifest.xml:67:13-36
81        </activity>
82        <activity
82-->src\main\AndroidManifest.xml:69:9-72:20
83            android:name="com.project.mycare.SubmitCommentActivity"
83-->src\main\AndroidManifest.xml:70:13-50
84            android:exported="true" >
84-->src\main\AndroidManifest.xml:71:13-36
85        </activity>
86        <activity
86-->src\main\AndroidManifest.xml:73:9-76:20
87            android:name="com.project.mycare.FAQActivity"
87-->src\main\AndroidManifest.xml:74:13-40
88            android:exported="true" >
88-->src\main\AndroidManifest.xml:75:13-36
89        </activity>
90        <activity
90-->src\main\AndroidManifest.xml:77:9-80:20
91            android:name="com.project.mycare.CommentsActivity"
91-->src\main\AndroidManifest.xml:78:13-45
92            android:exported="true" >
92-->src\main\AndroidManifest.xml:79:13-36
93        </activity>
94        <activity
94-->src\main\AndroidManifest.xml:81:9-84:20
95            android:name="com.project.mycare.ScheduleAppointmentActivity"
95-->src\main\AndroidManifest.xml:82:13-56
96            android:exported="true" >
96-->src\main\AndroidManifest.xml:83:13-36
97        </activity>
98        <activity
98-->src\main\AndroidManifest.xml:85:9-88:20
99            android:name="com.project.mycare.TherapyAppointmentActivity"
99-->src\main\AndroidManifest.xml:86:13-55
100            android:exported="true" >
100-->src\main\AndroidManifest.xml:87:13-36
101        </activity>
102
103        <service
103-->[androidx.room:room-runtime:2.6.1] AndroidManifest.xml:24:9-28:63
104            android:name="androidx.room.MultiInstanceInvalidationService"
104-->[androidx.room:room-runtime:2.6.1] AndroidManifest.xml:25:13-74
105            android:directBootAware="true"
105-->[androidx.room:room-runtime:2.6.1] AndroidManifest.xml:26:13-43
106            android:exported="false" />
106-->[androidx.room:room-runtime:2.6.1] AndroidManifest.xml:27:13-37
107
108        <provider
108-->[androidx.emoji2:emoji2:1.3.0] AndroidManifest.xml:24:9-32:20
109            android:name="androidx.startup.InitializationProvider"
109-->[androidx.emoji2:emoji2:1.3.0] AndroidManifest.xml:25:13-67
110            android:authorities="com.project.mycare.androidx-startup"
110-->[androidx.emoji2:emoji2:1.3.0] AndroidManifest.xml:26:13-68
111            android:exported="false" >
111-->[androidx.emoji2:emoji2:1.3.0] AndroidManifest.xml:27:13-37
112            <meta-data
112-->[androidx.emoji2:emoji2:1.3.0] AndroidManifest.xml:29:13-31:52
113                android:name="androidx.emoji2.text.EmojiCompatInitializer"
113-->[androidx.emoji2:emoji2:1.3.0] AndroidManifest.xml:30:17-75
114                android:value="androidx.startup" />
114-->[androidx.emoji2:emoji2:1.3.0] AndroidManifest.xml:31:17-49
115            <meta-data
115-->[androidx.lifecycle:lifecycle-process:2.6.2] AndroidManifest.xml:29:13-31:52
116                android:name="androidx.lifecycle.ProcessLifecycleInitializer"
116-->[androidx.lifecycle:lifecycle-process:2.6.2] AndroidManifest.xml:30:17-78
117                android:value="androidx.startup" />
117-->[androidx.lifecycle:lifecycle-process:2.6.2] AndroidManifest.xml:31:17-49
118            <meta-data
118-->[androidx.profileinstaller:profileinstaller:1.3.1] AndroidManifest.xml:29:13-31:52
119                android:name="androidx.profileinstaller.ProfileInstallerInitializer"
119-->[androidx.profileinstaller:profileinstaller:1.3.1] AndroidManifest.xml:30:17-85
120                android:value="androidx.startup" />
120-->[androidx.profileinstaller:profileinstaller:1.3.1] AndroidManifest.xml:31:17-49
121        </provider>
122
123        <receiver
123-->[androidx.profileinstaller:profileinstaller:1.3.1] AndroidManifest.xml:34:9-52:20
124            android:name="androidx.profileinstaller.ProfileInstallReceiver"
124-->[androidx.profileinstaller:profileinstaller:1.3.1] AndroidManifest.xml:35:13-76
125            android:directBootAware="false"
125-->[androidx.profileinstaller:profileinstaller:1.3.1] AndroidManifest.xml:36:13-44
126            android:enabled="true"
126-->[androidx.profileinstaller:profileinstaller:1.3.1] AndroidManifest.xml:37:13-35
127            android:exported="true"
127-->[androidx.profileinstaller:profileinstaller:1.3.1] AndroidManifest.xml:38:13-36
128            android:permission="android.permission.DUMP" >
128-->[androidx.profileinstaller:profileinstaller:1.3.1] AndroidManifest.xml:39:13-57
129            <intent-filter>
129-->[androidx.profileinstaller:profileinstaller:1.3.1] AndroidManifest.xml:40:13-42:29
130                <action android:name="androidx.profileinstaller.action.INSTALL_PROFILE" />
130-->[androidx.profileinstaller:profileinstaller:1.3.1] AndroidManifest.xml:41:17-91
130-->[androidx.profileinstaller:profileinstaller:1.3.1] AndroidManifest.xml:41:25-88
131            </intent-filter>
132            <intent-filter>
132-->[androidx.profileinstaller:profileinstaller:1.3.1] AndroidManifest.xml:43:13-45:29
133                <action android:name="androidx.profileinstaller.action.SKIP_FILE" />
133-->[androidx.profileinstaller:profileinstaller:1.3.1] AndroidManifest.xml:44:17-85
133-->[androidx.profileinstaller:profileinstaller:1.3.1] AndroidManifest.xml:44:25-82
134            </intent-filter>
135            <intent-filter>
135-->[androidx.profileinstaller:profileinstaller:1.3.1] AndroidManifest.xml:46:13-48:29
136                <action android:name="androidx.profileinstaller.action.SAVE_PROFILE" />
136-->[androidx.profileinstaller:profileinstaller:1.3.1] AndroidManifest.xml:47:17-88
136-->[androidx.profileinstaller:profileinstaller:1.3.1] AndroidManifest.xml:47:25-85
137            </intent-filter>
138            <intent-filter>
138-->[androidx.profileinstaller:profileinstaller:1.3.1] AndroidManifest.xml:49:13-51:29
139                <action android:name="androidx.profileinstaller.action.BENCHMARK_OPERATION" />
139-->[androidx.profileinstaller:profileinstaller:1.3.1] AndroidManifest.xml:50:17-95
139-->[androidx.profileinstaller:profileinstaller:1.3.1] AndroidManifest.xml:50:25-92
140            </intent-filter>
141        </receiver>
142    </application>
143
144</manifest>